<?xml version="1.0" encoding="UTF-8"?>
<coverage generated="1515892733833" clover="3.2.0">
  <project timestamp="1515892733833" name="All files">
    <metrics statements="29" coveredstatements="29" conditionals="9" coveredconditionals="9" methods="0" coveredmethods="0" elements="38" coveredelements="38" complexity="0" loc="29" ncloc="29" packages="2" files="2" classes="2">
      <package name="co-koa-session-plugin">
        <metrics statements="6" coveredstatements="6" conditionals="2" coveredconditionals="2" methods="0" coveredmethods="0"/>
        <file name="index.js" path="/home/jay/codeBase/npm/co-koa-session-plugin/index.js">
          <metrics statements="6" coveredstatements="6" conditionals="2" coveredconditionals="2" methods="0" coveredmethods="0"/>
          <line num="1" count="1" type="stmt"/>
          <line num="2" count="1" type="stmt"/>
          <line num="4" count="1" type="stmt"/>
          <line num="6" count="1" type="stmt"/>
          <line num="11" count="1" type="stmt"/>
          <line num="13" count="1" type="stmt"/>
        </file>
      </package>
      <package name="co-koa-session-plugin.lib">
        <metrics statements="23" coveredstatements="23" conditionals="7" coveredconditionals="7" methods="0" coveredmethods="0"/>
        <file name="SessionStore.js" path="/home/jay/codeBase/npm/co-koa-session-plugin/lib/SessionStore.js">
          <metrics statements="23" coveredstatements="23" conditionals="7" coveredconditionals="7" methods="0" coveredmethods="0"/>
          <line num="1" count="1" type="stmt"/>
          <line num="2" count="1" type="stmt"/>
          <line num="4" count="1" type="stmt"/>
          <line num="15" count="1" type="stmt"/>
          <line num="20" count="1" type="stmt"/>
          <line num="30" count="1" type="stmt"/>
          <line num="31" count="1" type="stmt"/>
          <line num="33" count="1" type="stmt"/>
          <line num="35" count="2" type="stmt"/>
          <line num="36" count="2" type="stmt"/>
          <line num="37" count="2" type="stmt"/>
          <line num="39" count="1" type="stmt"/>
          <line num="44" count="3" type="stmt"/>
          <line num="45" count="3" type="stmt"/>
          <line num="46" count="3" type="cond" truecount="2" falsecount="0"/>
          <line num="47" count="2" type="stmt"/>
          <line num="49" count="1" type="stmt"/>
          <line num="54" count="4" type="stmt"/>
          <line num="55" count="4" type="cond" truecount="4" falsecount="0"/>
          <line num="56" count="3" type="stmt"/>
          <line num="57" count="3" type="stmt"/>
          <line num="62" count="2" type="stmt"/>
          <line num="64" count="2" type="stmt"/>
        </file>
      </package>
    </metrics>
  </project>
</coverage>
