{"/home/jay/codeBase/node/co-koa-session-plugin/index.js": {"path":"/home/jay/codeBase/node/co-koa-session-plugin/index.js","statementMap":{"0":{"start":{"line":1,"column":16},"end":{"line":1,"column":38}},"1":{"start":{"line":2,"column":16},"end":{"line":2,"column":34}},"2":{"start":{"line":4,"column":21},"end":{"line":4,"column":50}},"3":{"start":{"line":6,"column":0},"end":{"line":22,"column":2}},"4":{"start":{"line":11,"column":2},"end":{"line":21,"column":3}},"5":{"start":{"line":12,"column":4},"end":{"line":20,"column":5}},"6":{"start":{"line":14,"column":8},"end":{"line":14,"column":34}},"7":{"start":{"line":14,"column":18},"end":{"line":14,"column":34}},"8":{"start":{"line":15,"column":8},"end":{"line":18,"column":18}}},"fnMap":{"0":{"name":"(anonymous_0)","decl":{"start":{"line":6,"column":17},"end":{"line":6,"column":18}},"loc":{"start":{"line":10,"column":8},"end":{"line":22,"column":1}},"line":10},"1":{"name":"(anonymous_1)","decl":{"start":{"line":11,"column":9},"end":{"line":11,"column":10}},"loc":{"start":{"line":11,"column":29},"end":{"line":21,"column":3}},"line":11}},"branchMap":{"0":{"loc":{"start":{"line":6,"column":26},"end":{"line":10,"column":6}},"type":"default-arg","locations":[{"start":{"line":10,"column":4},"end":{"line":10,"column":6}}],"line":6},"1":{"loc":{"start":{"line":7,"column":2},"end":{"line":7,"column":18}},"type":"default-arg","locations":[{"start":{"line":7,"column":9},"end":{"line":7,"column":18}}],"line":7},"2":{"loc":{"start":{"line":8,"column":2},"end":{"line":8,"column":17}},"type":"default-arg","locations":[{"start":{"line":8,"column":12},"end":{"line":8,"column":17}}],"line":8},"3":{"loc":{"start":{"line":9,"column":2},"end":{"line":9,"column":18}},"type":"default-arg","locations":[{"start":{"line":9,"column":9},"end":{"line":9,"column":18}}],"line":9},"4":{"loc":{"start":{"line":14,"column":8},"end":{"line":14,"column":34}},"type":"if","locations":[{"start":{"line":14,"column":8},"end":{"line":14,"column":34}},{"start":{"line":14,"column":8},"end":{"line":14,"column":34}}],"line":14}},"s":{"0":1,"1":1,"2":1,"3":1,"4":2,"5":2,"6":2,"7":1,"8":2},"f":{"0":2,"1":2},"b":{"0":[1],"1":[2],"2":[2],"3":[1],"4":[1,1]},"_coverageSchema":"332fd63041d2c1bcb487cc26dd0d5f7d97098a6c","hash":"97c8065d5e33464286b7d05da97d52f5e5396d6b"}
,"/home/jay/codeBase/node/co-koa-session-plugin/lib/SessionStore.js": {"path":"/home/jay/codeBase/node/co-koa-session-plugin/lib/SessionStore.js","statementMap":{"0":{"start":{"line":1,"column":20},"end":{"line":1,"column":43}},"1":{"start":{"line":2,"column":16},"end":{"line":2,"column":34}},"2":{"start":{"line":4,"column":0},"end":{"line":68,"column":3}},"3":{"start":{"line":15,"column":17},"end":{"line":18,"column":6}},"4":{"start":{"line":20,"column":19},"end":{"line":28,"column":5}},"5":{"start":{"line":30,"column":22},"end":{"line":30,"column":66}},"6":{"start":{"line":31,"column":4},"end":{"line":31,"column":99}},"7":{"start":{"line":34,"column":4},"end":{"line":41,"column":6}},"8":{"start":{"line":35,"column":6},"end":{"line":40,"column":7}},"9":{"start":{"line":36,"column":28},"end":{"line":36,"column":32}},"10":{"start":{"line":37,"column":8},"end":{"line":37,"column":39}},"11":{"start":{"line":39,"column":8},"end":{"line":39,"column":96}},"12":{"start":{"line":43,"column":4},"end":{"line":51,"column":6}},"13":{"start":{"line":44,"column":6},"end":{"line":50,"column":7}},"14":{"start":{"line":45,"column":28},"end":{"line":45,"column":32}},"15":{"start":{"line":46,"column":25},"end":{"line":46,"column":71}},"16":{"start":{"line":47,"column":8},"end":{"line":47,"column":20}},"17":{"start":{"line":49,"column":8},"end":{"line":49,"column":92}},"18":{"start":{"line":53,"column":4},"end":{"line":66,"column":6}},"19":{"start":{"line":54,"column":6},"end":{"line":65,"column":7}},"20":{"start":{"line":55,"column":8},"end":{"line":61,"column":9}},"21":{"start":{"line":56,"column":30},"end":{"line":56,"column":34}},"22":{"start":{"line":57,"column":10},"end":{"line":60,"column":42}},"23":{"start":{"line":62,"column":8},"end":{"line":62,"column":20}},"24":{"start":{"line":64,"column":8},"end":{"line":64,"column":92}}},"fnMap":{"0":{"name":"(anonymous_0)","decl":{"start":{"line":34,"column":19},"end":{"line":34,"column":20}},"loc":{"start":{"line":34,"column":40},"end":{"line":41,"column":5}},"line":34},"1":{"name":"(anonymous_1)","decl":{"start":{"line":43,"column":15},"end":{"line":43,"column":16}},"loc":{"start":{"line":43,"column":36},"end":{"line":51,"column":5}},"line":43},"2":{"name":"(anonymous_2)","decl":{"start":{"line":53,"column":15},"end":{"line":53,"column":16}},"loc":{"start":{"line":53,"column":72},"end":{"line":66,"column":5}},"line":53}},"branchMap":{"0":{"loc":{"start":{"line":10,"column":4},"end":{"line":10,"column":15}},"type":"default-arg","locations":[{"start":{"line":10,"column":11},"end":{"line":10,"column":15}}],"line":10},"1":{"loc":{"start":{"line":46,"column":25},"end":{"line":46,"column":71}},"type":"binary-expr","locations":[{"start":{"line":46,"column":25},"end":{"line":46,"column":55}},{"start":{"line":46,"column":59},"end":{"line":46,"column":71}}],"line":46},"2":{"loc":{"start":{"line":55,"column":8},"end":{"line":61,"column":9}},"type":"if","locations":[{"start":{"line":55,"column":8},"end":{"line":61,"column":9}},{"start":{"line":55,"column":8},"end":{"line":61,"column":9}}],"line":55},"3":{"loc":{"start":{"line":55,"column":12},"end":{"line":55,"column":30}},"type":"binary-expr","locations":[{"start":{"line":55,"column":12},"end":{"line":55,"column":19}},{"start":{"line":55,"column":23},"end":{"line":55,"column":30}}],"line":55}},"s":{"0":1,"1":1,"2":1,"3":2,"4":2,"5":2,"6":2,"7":2,"8":2,"9":2,"10":2,"11":1,"12":2,"13":3,"14":3,"15":3,"16":2,"17":1,"18":2,"19":4,"20":4,"21":3,"22":3,"23":2,"24":2},"f":{"0":2,"1":3,"2":4},"b":{"0":[2],"1":[3,1],"2":[3,1],"3":[4,2]},"_coverageSchema":"332fd63041d2c1bcb487cc26dd0d5f7d97098a6c","hash":"29fbe2917368877a0d7371932b5b90308344e27f"}
}
