TN:
SF:/home/jay/codeBase/npm/co-koa-session-plugin/index.js
FNF:0
FNH:0
DA:1,1
DA:2,1
DA:4,1
DA:6,1
DA:11,1
DA:13,1
LF:6
LH:6
BRDA:8,0,0,1
BRDA:9,1,0,1
BRF:2
BRH:2
end_of_record
TN:
SF:/home/jay/codeBase/npm/co-koa-session-plugin/lib/SessionStore.js
FNF:0
FNH:0
DA:1,1
DA:2,1
DA:4,1
DA:15,1
DA:20,1
DA:30,1
DA:31,1
DA:33,1
DA:35,2
DA:36,2
DA:37,2
DA:39,1
DA:44,3
DA:45,3
DA:46,3
DA:47,2
DA:49,1
DA:54,4
DA:55,4
DA:56,3
DA:57,3
DA:62,2
DA:64,2
LF:23
LH:23
BRDA:10,0,0,1
BRDA:46,1,0,3
BRDA:46,1,1,1
BRDA:55,2,0,3
BRDA:55,2,1,1
BRDA:55,3,0,4
BRDA:55,3,1,2
BRF:7
BRH:7
end_of_record
