TN:
SF:/home/jay/codeBase/npm/co-koa-session-plugin/index.js
FN:12,(anonymous_0)
FNF:1
FNH:1
FNDA:2,(anonymous_0)
DA:1,1
DA:2,1
DA:4,1
DA:6,1
DA:12,2
DA:13,2
DA:14,2
LF:7
LH:7
BRDA:8,0,0,1
BRDA:9,1,0,2
BRDA:10,2,0,2
BRDA:13,3,0,1
BRDA:13,3,1,1
BRF:5
BRH:5
end_of_record
TN:
SF:/home/jay/codeBase/npm/co-koa-session-plugin/lib/SessionStore.js
FN:34,(anonymous_0)
FN:43,(anonymous_1)
FN:53,(anonymous_2)
FNF:3
FNH:3
FNDA:2,(anonymous_0)
FNDA:3,(anonymous_1)
FNDA:4,(anonymous_2)
DA:1,1
DA:2,1
DA:4,1
DA:15,2
DA:20,2
DA:30,2
DA:31,2
DA:34,2
DA:35,2
DA:36,2
DA:37,2
DA:39,1
DA:43,2
DA:44,3
DA:45,3
DA:46,3
DA:47,2
DA:49,1
DA:53,2
DA:54,4
DA:55,4
DA:56,3
DA:57,3
DA:62,2
DA:64,2
LF:25
LH:25
BRDA:10,0,0,2
BRDA:46,1,0,3
BRDA:46,1,1,1
BRDA:55,2,0,3
BRDA:55,2,1,1
BRDA:55,3,0,4
BRDA:55,3,1,2
BRF:7
BRH:7
end_of_record
